Build started 6/11/2024 11:53:02 AM.
Logging verbosity is set to: Normal.     1>Project "C:\Development\GitHub\Forked-NetworkedAudio\SIPServer\libs\win32\pthread\pthread.2017.vcxproj" on node 2 (Build target(s)).
     1>PrepareForBuild:
         Structured output is enabled. The formatting of compiler diagnostics will reflect the error hierarchy. See https://aka.ms/cpp/structured-output for more details.
       InitializeBuildStatus:
         Touching "x64\Release DLL\pthread.tlog\unsuccessfulbuild".
       ClCompile:
         All outputs are up-to-date.
       ResourceCompile:
         All outputs are up-to-date.
       Link:
         All outputs are up-to-date.
         pthread.2017.vcxproj -> C:\Development\GitHub\Forked-NetworkedAudio\SIPServer\x64\release\pthread.dll
       FinalizeBuildStatus:
         Deleting file "x64\Release DLL\pthread.tlog\unsuccessfulbuild".
         Touching "x64\Release DLL\pthread.tlog\pthread.lastbuildstate".
     1>Done Building Project "C:\Development\GitHub\Forked-NetworkedAudio\SIPServer\libs\win32\pthread\pthread.2017.vcxproj" (Build target(s)).

Build succeeded.
    0 Warning(s)
    0 Error(s)

Time Elapsed 00:00:00.14
