Build started 6/20/2024 11:24:24 AM.
Logging verbosity is set to: Normal.     1>Project "C:\Development\GitHub\GERRAudio\SIPServer\libs\win32\ffmpeg\ffmpeg.2017.vcxproj" on node 2 (Build target(s)).
     1>PrepareForBuild:
         Structured output is enabled. The formatting of compiler diagnostics will reflect the error hierarchy. See https://aka.ms/cpp/structured-output for more details.
       InitializeBuildStatus:
         Touching "x64\Release-openh264\ffmpeg.tlog\unsuccessfulbuild".
       YasmDownloadTarget:
         System is 64 bit.
       CustomBuild:
         All outputs are up-to-date.
       ClCompile:
         All outputs are up-to-date.
         All outputs are up-to-date.
         All outputs are up-to-date.
         All outputs are up-to-date.
         All outputs are up-to-date.
         All outputs are up-to-date.
         All outputs are up-to-date.
         All outputs are up-to-date.
         All outputs are up-to-date.
         All outputs are up-to-date.
         All outputs are up-to-date.
         All outputs are up-to-date.
         All outputs are up-to-date.
       Lib:
         All outputs are up-to-date.
         ffmpeg.2017.vcxproj -> C:\Development\GitHub\GERRAudio\SIPServer\x64\Release-openh264\ffmpeg.lib
       FinalizeBuildStatus:
         Deleting file "x64\Release-openh264\ffmpeg.tlog\unsuccessfulbuild".
         Touching "x64\Release-openh264\ffmpeg.tlog\ffmpeg.lastbuildstate".
     1>Done Building Project "C:\Development\GitHub\GERRAudio\SIPServer\libs\win32\ffmpeg\ffmpeg.2017.vcxproj" (Build target(s)).

Build succeeded.
    0 Warning(s)
    0 Error(s)

Time Elapsed 00:00:20.82
